ERROR - 2024-12-06 13:06:12 --> mysqli_sql_exception: Cannot add or update a child row: a foreign key constraint fails (`amset`.`mission`, CONSTRAINT `mission_ibfk_1` FOREIGN KEY (`ID_CLIENT`) REFERENCES `client` (`ID_CLIENT`)) in D:\BTS2\#AP3\amset\vendor\codeigniter4\framework\system\Database\MySQLi\Connection.php:312
Stack trace:
#0 D:\BTS2\#AP3\amset\vendor\codeigniter4\framework\system\Database\MySQLi\Connection.php(312): mysqli->query('INSERT INTO `mi...', 0)
#1 D:\BTS2\#AP3\amset\vendor\codeigniter4\framework\system\Database\BaseConnection.php(734): CodeIgniter\Database\MySQLi\Connection->execute('INSERT INTO `mi...')
#2 D:\BTS2\#AP3\amset\vendor\codeigniter4\framework\system\Database\BaseConnection.php(648): CodeIgniter\Database\BaseConnection->simpleQuery('INSERT INTO `mi...')
#3 D:\BTS2\#AP3\amset\vendor\codeigniter4\framework\system\Database\BaseBuilder.php(2340): CodeIgniter\Database\BaseConnection->query('INSERT INTO `mi...', Array, false)
#4 D:\BTS2\#AP3\amset\vendor\codeigniter4\framework\system\Model.php(394): CodeIgniter\Database\BaseBuilder->insert()
#5 D:\BTS2\#AP3\amset\vendor\codeigniter4\framework\system\BaseModel.php(840): CodeIgniter\Model->doInsert(Array)
#6 D:\BTS2\#AP3\amset\vendor\codeigniter4\framework\system\Model.php(802): CodeIgniter\BaseModel->insert(Array, false)
#7 D:\BTS2\#AP3\amset\vendor\codeigniter4\framework\system\BaseModel.php(751): CodeIgniter\Model->insert(Array, false)
#8 D:\BTS2\#AP3\amset\app\Controllers\Mission.php(98): CodeIgniter\BaseModel->save(Array)
#9 D:\BTS2\#AP3\amset\vendor\codeigniter4\framework\system\CodeIgniter.php(933): App\Controllers\Mission->create()
#10 D:\BTS2\#AP3\amset\vendor\codeigniter4\framework\system\CodeIgniter.php(509): CodeIgniter\CodeIgniter->runController(Object(App\Controllers\Mission))
#11 D:\BTS2\#AP3\amset\vendor\codeigniter4\framework\system\CodeIgniter.php(355): CodeIgniter\CodeIgniter->handleRequest(NULL, Object(Config\Cache), false)
#12 D:\BTS2\#AP3\amset\vendor\codeigniter4\framework\system\Boot.php(325): CodeIgniter\CodeIgniter->run()
#13 D:\BTS2\#AP3\amset\vendor\codeigniter4\framework\system\Boot.php(67): CodeIgniter\Boot::runCodeIgniter(Object(CodeIgniter\CodeIgniter))
#14 D:\BTS2\#AP3\amset\public\index.php(56): CodeIgniter\Boot::bootWeb(Object(Config\Paths))
#15 {main}
CRITICAL - 2024-12-06 13:06:12 --> CodeIgniter\Database\Exceptions\DatabaseException: Cannot add or update a child row: a foreign key constraint fails (`amset`.`mission`, CONSTRAINT `mission_ibfk_1` FOREIGN KEY (`ID_CLIENT`) REFERENCES `client` (`ID_CLIENT`))
[Method: POST, Route: create_mission]
in SYSTEMPATH\Database\BaseConnection.php on line 688.
 1 SYSTEMPATH\Database\BaseBuilder.php(2340): CodeIgniter\Database\BaseConnection->query('INSERT INTO `mission` (`INTITULE_MISSION`, `DESCRIPTION`, `ID_CLIENT`, `DATE_DEBUT`, `DATE_FIN`) VALUES (:INTITULE_MISSION:, :DESCRIPTION:, :ID_CLIENT:, :DATE_DEBUT:, :DATE_FIN:)', [...], false)
 2 SYSTEMPATH\Model.php(394): CodeIgniter\Database\BaseBuilder->insert()
 3 SYSTEMPATH\BaseModel.php(840): CodeIgniter\Model->doInsert([...])
 4 SYSTEMPATH\Model.php(802): CodeIgniter\BaseModel->insert([...], false)
 5 SYSTEMPATH\BaseModel.php(751): CodeIgniter\Model->insert([...], false)
 6 APPPATH\Controllers\Mission.php(98): CodeIgniter\BaseModel->save([...])
 7 SYSTEMPATH\CodeIgniter.php(933): App\Controllers\Mission->create()
 8 SYSTEMPATH\CodeIgniter.php(509): CodeIgniter\CodeIgniter->runController(Object(App\Controllers\Mission))
 9 SYSTEMPATH\CodeIgniter.php(355): CodeIgniter\CodeIgniter->handleRequest(null, Object(Config\Cache), false)
10 SYSTEMPATH\Boot.php(325): CodeIgniter\CodeIgniter->run()
11 SYSTEMPATH\Boot.php(67): CodeIgniter\Boot::runCodeIgniter(Object(CodeIgniter\CodeIgniter))
12 FCPATH\index.php(56): CodeIgniter\Boot::bootWeb(Object(Config\Paths))
CRITICAL - 2024-12-06 13:06:12 --> [Caused by] CodeIgniter\Database\Exceptions\DatabaseException: Cannot add or update a child row: a foreign key constraint fails (`amset`.`mission`, CONSTRAINT `mission_ibfk_1` FOREIGN KEY (`ID_CLIENT`) REFERENCES `client` (`ID_CLIENT`))
in SYSTEMPATH\Database\MySQLi\Connection.php on line 317.
 1 SYSTEMPATH\Database\BaseConnection.php(734): CodeIgniter\Database\MySQLi\Connection->execute('INSERT INTO `mission` (`INTITULE_MISSION`, `DESCRIPTION`, `ID_CLIENT`, `DATE_DEBUT`, `DATE_FIN`) VALUES (\';izohfzvjsnge\', \'zefozrig_çuzoa=r\', \'\', \'22222-02-22\', \'222222-02-22\')')
 2 SYSTEMPATH\Database\BaseConnection.php(648): CodeIgniter\Database\BaseConnection->simpleQuery('INSERT INTO `mission` (`INTITULE_MISSION`, `DESCRIPTION`, `ID_CLIENT`, `DATE_DEBUT`, `DATE_FIN`) VALUES (\';izohfzvjsnge\', \'zefozrig_çuzoa=r\', \'\', \'22222-02-22\', \'222222-02-22\')')
 3 SYSTEMPATH\Database\BaseBuilder.php(2340): CodeIgniter\Database\BaseConnection->query('INSERT INTO `mission` (`INTITULE_MISSION`, `DESCRIPTION`, `ID_CLIENT`, `DATE_DEBUT`, `DATE_FIN`) VALUES (:INTITULE_MISSION:, :DESCRIPTION:, :ID_CLIENT:, :DATE_DEBUT:, :DATE_FIN:)', [...], false)
 4 SYSTEMPATH\Model.php(394): CodeIgniter\Database\BaseBuilder->insert()
 5 SYSTEMPATH\BaseModel.php(840): CodeIgniter\Model->doInsert([...])
 6 SYSTEMPATH\Model.php(802): CodeIgniter\BaseModel->insert([...], false)
 7 SYSTEMPATH\BaseModel.php(751): CodeIgniter\Model->insert([...], false)
 8 APPPATH\Controllers\Mission.php(98): CodeIgniter\BaseModel->save([...])
 9 SYSTEMPATH\CodeIgniter.php(933): App\Controllers\Mission->create()
10 SYSTEMPATH\CodeIgniter.php(509): CodeIgniter\CodeIgniter->runController(Object(App\Controllers\Mission))
11 SYSTEMPATH\CodeIgniter.php(355): CodeIgniter\CodeIgniter->handleRequest(null, Object(Config\Cache), false)
12 SYSTEMPATH\Boot.php(325): CodeIgniter\CodeIgniter->run()
13 SYSTEMPATH\Boot.php(67): CodeIgniter\Boot::runCodeIgniter(Object(CodeIgniter\CodeIgniter))
14 FCPATH\index.php(56): CodeIgniter\Boot::bootWeb(Object(Config\Paths))
CRITICAL - 2024-12-06 13:06:12 --> [Caused by] mysqli_sql_exception: Cannot add or update a child row: a foreign key constraint fails (`amset`.`mission`, CONSTRAINT `mission_ibfk_1` FOREIGN KEY (`ID_CLIENT`) REFERENCES `client` (`ID_CLIENT`))
in SYSTEMPATH\Database\MySQLi\Connection.php on line 312.
 1 SYSTEMPATH\Database\MySQLi\Connection.php(312): mysqli->query('INSERT INTO `mission` (`INTITULE_MISSION`, `DESCRIPTION`, `ID_CLIENT`, `DATE_DEBUT`, `DATE_FIN`) VALUES (\';izohfzvjsnge\', \'zefozrig_çuzoa=r\', \'\', \'22222-02-22\', \'222222-02-22\')', 0)
 2 SYSTEMPATH\Database\BaseConnection.php(734): CodeIgniter\Database\MySQLi\Connection->execute('INSERT INTO `mission` (`INTITULE_MISSION`, `DESCRIPTION`, `ID_CLIENT`, `DATE_DEBUT`, `DATE_FIN`) VALUES (\';izohfzvjsnge\', \'zefozrig_çuzoa=r\', \'\', \'22222-02-22\', \'222222-02-22\')')
 3 SYSTEMPATH\Database\BaseConnection.php(648): CodeIgniter\Database\BaseConnection->simpleQuery('INSERT INTO `mission` (`INTITULE_MISSION`, `DESCRIPTION`, `ID_CLIENT`, `DATE_DEBUT`, `DATE_FIN`) VALUES (\';izohfzvjsnge\', \'zefozrig_çuzoa=r\', \'\', \'22222-02-22\', \'222222-02-22\')')
 4 SYSTEMPATH\Database\BaseBuilder.php(2340): CodeIgniter\Database\BaseConnection->query('INSERT INTO `mission` (`INTITULE_MISSION`, `DESCRIPTION`, `ID_CLIENT`, `DATE_DEBUT`, `DATE_FIN`) VALUES (:INTITULE_MISSION:, :DESCRIPTION:, :ID_CLIENT:, :DATE_DEBUT:, :DATE_FIN:)', [...], false)
 5 SYSTEMPATH\Model.php(394): CodeIgniter\Database\BaseBuilder->insert()
 6 SYSTEMPATH\BaseModel.php(840): CodeIgniter\Model->doInsert([...])
 7 SYSTEMPATH\Model.php(802): CodeIgniter\BaseModel->insert([...], false)
 8 SYSTEMPATH\BaseModel.php(751): CodeIgniter\Model->insert([...], false)
 9 APPPATH\Controllers\Mission.php(98): CodeIgniter\BaseModel->save([...])
10 SYSTEMPATH\CodeIgniter.php(933): App\Controllers\Mission->create()
11 SYSTEMPATH\CodeIgniter.php(509): CodeIgniter\CodeIgniter->runController(Object(App\Controllers\Mission))
12 SYSTEMPATH\CodeIgniter.php(355): CodeIgniter\CodeIgniter->handleRequest(null, Object(Config\Cache), false)
13 SYSTEMPATH\Boot.php(325): CodeIgniter\CodeIgniter->run()
14 SYSTEMPATH\Boot.php(67): CodeIgniter\Boot::runCodeIgniter(Object(CodeIgniter\CodeIgniter))
15 FCPATH\index.php(56): CodeIgniter\Boot::bootWeb(Object(Config\Paths))
ERROR - 2024-12-06 13:06:30 --> mysqli_sql_exception: Cannot add or update a child row: a foreign key constraint fails (`amset`.`mission`, CONSTRAINT `mission_ibfk_1` FOREIGN KEY (`ID_CLIENT`) REFERENCES `client` (`ID_CLIENT`)) in D:\BTS2\#AP3\amset\vendor\codeigniter4\framework\system\Database\MySQLi\Connection.php:312
Stack trace:
#0 D:\BTS2\#AP3\amset\vendor\codeigniter4\framework\system\Database\MySQLi\Connection.php(312): mysqli->query('INSERT INTO `mi...', 0)
#1 D:\BTS2\#AP3\amset\vendor\codeigniter4\framework\system\Database\BaseConnection.php(734): CodeIgniter\Database\MySQLi\Connection->execute('INSERT INTO `mi...')
#2 D:\BTS2\#AP3\amset\vendor\codeigniter4\framework\system\Database\BaseConnection.php(648): CodeIgniter\Database\BaseConnection->simpleQuery('INSERT INTO `mi...')
#3 D:\BTS2\#AP3\amset\vendor\codeigniter4\framework\system\Database\BaseBuilder.php(2340): CodeIgniter\Database\BaseConnection->query('INSERT INTO `mi...', Array, false)
#4 D:\BTS2\#AP3\amset\vendor\codeigniter4\framework\system\Model.php(394): CodeIgniter\Database\BaseBuilder->insert()
#5 D:\BTS2\#AP3\amset\vendor\codeigniter4\framework\system\BaseModel.php(840): CodeIgniter\Model->doInsert(Array)
#6 D:\BTS2\#AP3\amset\vendor\codeigniter4\framework\system\Model.php(802): CodeIgniter\BaseModel->insert(Array, false)
#7 D:\BTS2\#AP3\amset\vendor\codeigniter4\framework\system\BaseModel.php(751): CodeIgniter\Model->insert(Array, false)
#8 D:\BTS2\#AP3\amset\app\Controllers\Mission.php(98): CodeIgniter\BaseModel->save(Array)
#9 D:\BTS2\#AP3\amset\vendor\codeigniter4\framework\system\CodeIgniter.php(933): App\Controllers\Mission->create()
#10 D:\BTS2\#AP3\amset\vendor\codeigniter4\framework\system\CodeIgniter.php(509): CodeIgniter\CodeIgniter->runController(Object(App\Controllers\Mission))
#11 D:\BTS2\#AP3\amset\vendor\codeigniter4\framework\system\CodeIgniter.php(355): CodeIgniter\CodeIgniter->handleRequest(NULL, Object(Config\Cache), false)
#12 D:\BTS2\#AP3\amset\vendor\codeigniter4\framework\system\Boot.php(325): CodeIgniter\CodeIgniter->run()
#13 D:\BTS2\#AP3\amset\vendor\codeigniter4\framework\system\Boot.php(67): CodeIgniter\Boot::runCodeIgniter(Object(CodeIgniter\CodeIgniter))
#14 D:\BTS2\#AP3\amset\public\index.php(56): CodeIgniter\Boot::bootWeb(Object(Config\Paths))
#15 {main}
CRITICAL - 2024-12-06 13:06:30 --> CodeIgniter\Database\Exceptions\DatabaseException: Cannot add or update a child row: a foreign key constraint fails (`amset`.`mission`, CONSTRAINT `mission_ibfk_1` FOREIGN KEY (`ID_CLIENT`) REFERENCES `client` (`ID_CLIENT`))
[Method: POST, Route: create_mission]
in SYSTEMPATH\Database\BaseConnection.php on line 688.
 1 SYSTEMPATH\Database\BaseBuilder.php(2340): CodeIgniter\Database\BaseConnection->query('INSERT INTO `mission` (`INTITULE_MISSION`, `DESCRIPTION`, `ID_CLIENT`, `DATE_DEBUT`, `DATE_FIN`) VALUES (:INTITULE_MISSION:, :DESCRIPTION:, :ID_CLIENT:, :DATE_DEBUT:, :DATE_FIN:)', [...], false)
 2 SYSTEMPATH\Model.php(394): CodeIgniter\Database\BaseBuilder->insert()
 3 SYSTEMPATH\BaseModel.php(840): CodeIgniter\Model->doInsert([...])
 4 SYSTEMPATH\Model.php(802): CodeIgniter\BaseModel->insert([...], false)
 5 SYSTEMPATH\BaseModel.php(751): CodeIgniter\Model->insert([...], false)
 6 APPPATH\Controllers\Mission.php(98): CodeIgniter\BaseModel->save([...])
 7 SYSTEMPATH\CodeIgniter.php(933): App\Controllers\Mission->create()
 8 SYSTEMPATH\CodeIgniter.php(509): CodeIgniter\CodeIgniter->runController(Object(App\Controllers\Mission))
 9 SYSTEMPATH\CodeIgniter.php(355): CodeIgniter\CodeIgniter->handleRequest(null, Object(Config\Cache), false)
10 SYSTEMPATH\Boot.php(325): CodeIgniter\CodeIgniter->run()
11 SYSTEMPATH\Boot.php(67): CodeIgniter\Boot::runCodeIgniter(Object(CodeIgniter\CodeIgniter))
12 FCPATH\index.php(56): CodeIgniter\Boot::bootWeb(Object(Config\Paths))
CRITICAL - 2024-12-06 13:06:30 --> [Caused by] CodeIgniter\Database\Exceptions\DatabaseException: Cannot add or update a child row: a foreign key constraint fails (`amset`.`mission`, CONSTRAINT `mission_ibfk_1` FOREIGN KEY (`ID_CLIENT`) REFERENCES `client` (`ID_CLIENT`))
in SYSTEMPATH\Database\MySQLi\Connection.php on line 317.
 1 SYSTEMPATH\Database\BaseConnection.php(734): CodeIgniter\Database\MySQLi\Connection->execute('INSERT INTO `mission` (`INTITULE_MISSION`, `DESCRIPTION`, `ID_CLIENT`, `DATE_DEBUT`, `DATE_FIN`) VALUES (\';izohfzvjsnge\', \'zefozrig_çuzoa=r\', \'\', \'2021-02-22\', \'2022-02-22\')')
 2 SYSTEMPATH\Database\BaseConnection.php(648): CodeIgniter\Database\BaseConnection->simpleQuery('INSERT INTO `mission` (`INTITULE_MISSION`, `DESCRIPTION`, `ID_CLIENT`, `DATE_DEBUT`, `DATE_FIN`) VALUES (\';izohfzvjsnge\', \'zefozrig_çuzoa=r\', \'\', \'2021-02-22\', \'2022-02-22\')')
 3 SYSTEMPATH\Database\BaseBuilder.php(2340): CodeIgniter\Database\BaseConnection->query('INSERT INTO `mission` (`INTITULE_MISSION`, `DESCRIPTION`, `ID_CLIENT`, `DATE_DEBUT`, `DATE_FIN`) VALUES (:INTITULE_MISSION:, :DESCRIPTION:, :ID_CLIENT:, :DATE_DEBUT:, :DATE_FIN:)', [...], false)
 4 SYSTEMPATH\Model.php(394): CodeIgniter\Database\BaseBuilder->insert()
 5 SYSTEMPATH\BaseModel.php(840): CodeIgniter\Model->doInsert([...])
 6 SYSTEMPATH\Model.php(802): CodeIgniter\BaseModel->insert([...], false)
 7 SYSTEMPATH\BaseModel.php(751): CodeIgniter\Model->insert([...], false)
 8 APPPATH\Controllers\Mission.php(98): CodeIgniter\BaseModel->save([...])
 9 SYSTEMPATH\CodeIgniter.php(933): App\Controllers\Mission->create()
10 SYSTEMPATH\CodeIgniter.php(509): CodeIgniter\CodeIgniter->runController(Object(App\Controllers\Mission))
11 SYSTEMPATH\CodeIgniter.php(355): CodeIgniter\CodeIgniter->handleRequest(null, Object(Config\Cache), false)
12 SYSTEMPATH\Boot.php(325): CodeIgniter\CodeIgniter->run()
13 SYSTEMPATH\Boot.php(67): CodeIgniter\Boot::runCodeIgniter(Object(CodeIgniter\CodeIgniter))
14 FCPATH\index.php(56): CodeIgniter\Boot::bootWeb(Object(Config\Paths))
CRITICAL - 2024-12-06 13:06:30 --> [Caused by] mysqli_sql_exception: Cannot add or update a child row: a foreign key constraint fails (`amset`.`mission`, CONSTRAINT `mission_ibfk_1` FOREIGN KEY (`ID_CLIENT`) REFERENCES `client` (`ID_CLIENT`))
in SYSTEMPATH\Database\MySQLi\Connection.php on line 312.
 1 SYSTEMPATH\Database\MySQLi\Connection.php(312): mysqli->query('INSERT INTO `mission` (`INTITULE_MISSION`, `DESCRIPTION`, `ID_CLIENT`, `DATE_DEBUT`, `DATE_FIN`) VALUES (\';izohfzvjsnge\', \'zefozrig_çuzoa=r\', \'\', \'2021-02-22\', \'2022-02-22\')', 0)
 2 SYSTEMPATH\Database\BaseConnection.php(734): CodeIgniter\Database\MySQLi\Connection->execute('INSERT INTO `mission` (`INTITULE_MISSION`, `DESCRIPTION`, `ID_CLIENT`, `DATE_DEBUT`, `DATE_FIN`) VALUES (\';izohfzvjsnge\', \'zefozrig_çuzoa=r\', \'\', \'2021-02-22\', \'2022-02-22\')')
 3 SYSTEMPATH\Database\BaseConnection.php(648): CodeIgniter\Database\BaseConnection->simpleQuery('INSERT INTO `mission` (`INTITULE_MISSION`, `DESCRIPTION`, `ID_CLIENT`, `DATE_DEBUT`, `DATE_FIN`) VALUES (\';izohfzvjsnge\', \'zefozrig_çuzoa=r\', \'\', \'2021-02-22\', \'2022-02-22\')')
 4 SYSTEMPATH\Database\BaseBuilder.php(2340): CodeIgniter\Database\BaseConnection->query('INSERT INTO `mission` (`INTITULE_MISSION`, `DESCRIPTION`, `ID_CLIENT`, `DATE_DEBUT`, `DATE_FIN`) VALUES (:INTITULE_MISSION:, :DESCRIPTION:, :ID_CLIENT:, :DATE_DEBUT:, :DATE_FIN:)', [...], false)
 5 SYSTEMPATH\Model.php(394): CodeIgniter\Database\BaseBuilder->insert()
 6 SYSTEMPATH\BaseModel.php(840): CodeIgniter\Model->doInsert([...])
 7 SYSTEMPATH\Model.php(802): CodeIgniter\BaseModel->insert([...], false)
 8 SYSTEMPATH\BaseModel.php(751): CodeIgniter\Model->insert([...], false)
 9 APPPATH\Controllers\Mission.php(98): CodeIgniter\BaseModel->save([...])
10 SYSTEMPATH\CodeIgniter.php(933): App\Controllers\Mission->create()
11 SYSTEMPATH\CodeIgniter.php(509): CodeIgniter\CodeIgniter->runController(Object(App\Controllers\Mission))
12 SYSTEMPATH\CodeIgniter.php(355): CodeIgniter\CodeIgniter->handleRequest(null, Object(Config\Cache), false)
13 SYSTEMPATH\Boot.php(325): CodeIgniter\CodeIgniter->run()
14 SYSTEMPATH\Boot.php(67): CodeIgniter\Boot::runCodeIgniter(Object(CodeIgniter\CodeIgniter))
15 FCPATH\index.php(56): CodeIgniter\Boot::bootWeb(Object(Config\Paths))
